2016-04-12 08:56:58,918 [ModalContext] INFO  o.e.m.c.i.e.AbstractTransferListenerAdapter - Downloading https://repo.maven.apache.org/maven2/org/apache/maven/archetypes/maven-archetype-quickstart/1.1/maven-archetype-quickstart-1.1.jar
2016-04-12 08:56:59,177 [ModalContext] INFO  o.e.m.c.i.e.AbstractTransferListenerAdapter - Downloaded https://repo.maven.apache.org/maven2/org/apache/maven/archetypes/maven-archetype-quickstart/1.1/maven-archetype-quickstart-1.1.jar
2016-04-12 08:56:59,469 [ModalContext] INFO  o.e.m.c.i.e.AbstractTransferListenerAdapter - Downloading https://repo.maven.apache.org/maven2/org/apache/maven/archetypes/maven-archetype-quickstart/1.1/maven-archetype-quickstart-1.1.pom
2016-04-12 08:56:59,671 [ModalContext] INFO  o.e.m.c.i.e.AbstractTransferListenerAdapter - Downloaded https://repo.maven.apache.org/maven2/org/apache/maven/archetypes/maven-archetype-quickstart/1.1/maven-archetype-quickstart-1.1.pom
2016-04-12 09:11:31,938 [Worker-15] INFO  o.e.m.c.i.l.LifecycleMappingFactory - Using org.eclipse.m2e.jdt.JarLifecycleMapping lifecycle mapping for MavenProject: ar.edu.TPPOI:TPPOI:1.0-SNAPSHOT @ /home/danila/DDS-UTN/2016-jm-group-08/TPPOI/pom.xml.
2016-04-12 09:11:32,793 [Worker-15] INFO  o.e.m.j.i.AbstractJavaProjectConfigurator - Adding source folder /TPPOI/src/main/java
2016-04-12 09:11:32,794 [Worker-15] INFO  o.e.m.j.i.AbstractJavaProjectConfigurator - Adding source folder /TPPOI/src/test/java
2016-04-12 09:11:34,909 [Worker-15] INFO  o.e.m.c.i.p.ProjectConfigurationManager - Imported and configured 1 project(s) in 8 sec
2016-04-12 09:11:37,965 [Worker-15] WARN  o.e.m.c.i.embedder.EclipseLogger - Using platform encoding (UTF-8 actually) to copy filtered resources, i.e. build is platform dependent!
2016-04-12 09:11:38,023 [Worker-15] INFO  o.e.m.c.i.embedder.EclipseLogger - skip non existing resourceDirectory /home/danila/DDS-UTN/2016-jm-group-08/TPPOI/src/main/resources
2016-04-12 09:11:38,033 [Worker-15] WARN  o.e.m.c.i.embedder.EclipseLogger - Using platform encoding (UTF-8 actually) to copy filtered resources, i.e. build is platform dependent!
2016-04-12 09:11:38,041 [Worker-15] INFO  o.e.m.c.i.embedder.EclipseLogger - skip non existing resourceDirectory /home/danila/DDS-UTN/2016-jm-group-08/TPPOI/src/test/resources
2016-04-12 09:13:34,135 [Worker-17] INFO  o.e.m.c.i.p.ProjectConfigurationManager - Update started
2016-04-12 09:13:36,209 [Worker-17] INFO  o.e.m.c.i.l.LifecycleMappingFactory - Using org.eclipse.m2e.jdt.JarLifecycleMapping lifecycle mapping for MavenProject: ar.edu.TPPOI:TPPOI:1.0-SNAPSHOT @ /home/danila/DDS-UTN/2016-jm-group-08/TPPOI/pom.xml.
2016-04-12 09:13:36,902 [Worker-17] INFO  o.e.m.j.i.AbstractJavaProjectConfigurator - Adding source folder /TPPOI/src/main/java
2016-04-12 09:13:36,903 [Worker-17] INFO  o.e.m.j.i.AbstractJavaProjectConfigurator - Adding source folder /TPPOI/src/test/java
2016-04-12 09:13:37,172 [Worker-17] INFO  o.e.m.c.i.p.ProjectConfigurationManager - Update completed: 3 sec
2016-04-12 09:13:37,678 [Worker-0] WARN  o.e.m.c.i.embedder.EclipseLogger - Using platform encoding (UTF-8 actually) to copy filtered resources, i.e. build is platform dependent!
2016-04-12 09:13:37,692 [Worker-0] INFO  o.e.m.c.i.embedder.EclipseLogger - skip non existing resourceDirectory /home/danila/DDS-UTN/2016-jm-group-08/TPPOI/src/main/resources
2016-04-12 09:13:37,701 [Worker-0] WARN  o.e.m.c.i.embedder.EclipseLogger - Using platform encoding (UTF-8 actually) to copy filtered resources, i.e. build is platform dependent!
2016-04-12 09:13:37,701 [Worker-0] INFO  o.e.m.c.i.embedder.EclipseLogger - skip non existing resourceDirectory /home/danila/DDS-UTN/2016-jm-group-08/TPPOI/src/test/resources
2016-04-12 09:15:39,829 [main] INFO  c.g.t.t.d.PublishedGradleVersions - Gradle version information cache file is not out-of-date. No remote download required.
2016-04-12 09:16:46,419 [Worker-17] WARN  o.e.m.c.i.embedder.EclipseLogger - Using platform encoding (UTF-8 actually) to copy filtered resources, i.e. build is platform dependent!
2016-04-12 09:16:46,425 [Worker-17] INFO  o.e.m.c.i.embedder.EclipseLogger - skip non existing resourceDirectory /home/danila/DDS-UTN/2016-jm-group-08/TPPOI/src/main/resources
2016-04-12 09:16:46,435 [Worker-17] WARN  o.e.m.c.i.embedder.EclipseLogger - Using platform encoding (UTF-8 actually) to copy filtered resources, i.e. build is platform dependent!
2016-04-12 09:16:46,436 [Worker-17] INFO  o.e.m.c.i.embedder.EclipseLogger - skip non existing resourceDirectory /home/danila/DDS-UTN/2016-jm-group-08/TPPOI/src/test/resources
2016-04-12 09:17:01,377 [Worker-15] WARN  o.e.m.c.i.embedder.EclipseLogger - Using platform encoding (UTF-8 actually) to copy filtered resources, i.e. build is platform dependent!
2016-04-12 09:17:01,402 [Worker-15] INFO  o.e.m.c.i.embedder.EclipseLogger - skip non existing resourceDirectory /home/danila/DDS-UTN/2016-jm-group-08/TPPOI/src/main/resources
2016-04-12 09:17:01,489 [Worker-15] WARN  o.e.m.c.i.embedder.EclipseLogger - Using platform encoding (UTF-8 actually) to copy filtered resources, i.e. build is platform dependent!
2016-04-12 09:17:01,491 [Worker-15] INFO  o.e.m.c.i.embedder.EclipseLogger - skip non existing resourceDirectory /home/danila/DDS-UTN/2016-jm-group-08/TPPOI/src/test/resources
2016-04-12 09:20:07,826 [Worker-17] WARN  o.e.m.c.i.embedder.EclipseLogger - Using platform encoding (UTF-8 actually) to copy filtered resources, i.e. build is platform dependent!
2016-04-12 09:20:07,853 [Worker-17] INFO  o.e.m.c.i.embedder.EclipseLogger - skip non existing resourceDirectory /home/danila/DDS-UTN/2016-jm-group-08/TPPOI/src/main/resources
2016-04-12 09:20:07,854 [Worker-17] WARN  o.e.m.c.i.embedder.EclipseLogger - Using platform encoding (UTF-8 actually) to copy filtered resources, i.e. build is platform dependent!
2016-04-12 09:20:07,855 [Worker-17] INFO  o.e.m.c.i.embedder.EclipseLogger - skip non existing resourceDirectory /home/danila/DDS-UTN/2016-jm-group-08/TPPOI/src/test/resources
2016-04-12 09:21:15,057 [Worker-17] WARN  o.e.m.c.i.embedder.EclipseLogger - Using platform encoding (UTF-8 actually) to copy filtered resources, i.e. build is platform dependent!
2016-04-12 09:21:15,059 [Worker-17] INFO  o.e.m.c.i.embedder.EclipseLogger - skip non existing resourceDirectory /home/danila/DDS-UTN/2016-jm-group-08/TPPOI/src/main/resources
2016-04-12 09:21:15,061 [Worker-17] WARN  o.e.m.c.i.embedder.EclipseLogger - Using platform encoding (UTF-8 actually) to copy filtered resources, i.e. build is platform dependent!
2016-04-12 09:21:15,068 [Worker-17] INFO  o.e.m.c.i.embedder.EclipseLogger - skip non existing resourceDirectory /home/danila/DDS-UTN/2016-jm-group-08/TPPOI/src/test/resources
2016-04-12 09:21:27,501 [Worker-15] WARN  o.e.m.c.i.embedder.EclipseLogger - Using platform encoding (UTF-8 actually) to copy filtered resources, i.e. build is platform dependent!
2016-04-12 09:21:27,519 [Worker-15] INFO  o.e.m.c.i.embedder.EclipseLogger - skip non existing resourceDirectory /home/danila/DDS-UTN/2016-jm-group-08/TPPOI/src/main/resources
2016-04-12 09:21:27,528 [Worker-15] WARN  o.e.m.c.i.embedder.EclipseLogger - Using platform encoding (UTF-8 actually) to copy filtered resources, i.e. build is platform dependent!
2016-04-12 09:21:27,542 [Worker-15] INFO  o.e.m.c.i.embedder.EclipseLogger - skip non existing resourceDirectory /home/danila/DDS-UTN/2016-jm-group-08/TPPOI/src/test/resources
2016-04-12 09:22:31,785 [Worker-15] WARN  o.e.m.c.i.embedder.EclipseLogger - Using platform encoding (UTF-8 actually) to copy filtered resources, i.e. build is platform dependent!
2016-04-12 09:22:31,793 [Worker-15] INFO  o.e.m.c.i.embedder.EclipseLogger - skip non existing resourceDirectory /home/danila/DDS-UTN/2016-jm-group-08/TPPOI/src/main/resources
2016-04-12 09:22:31,814 [Worker-15] WARN  o.e.m.c.i.embedder.EclipseLogger - Using platform encoding (UTF-8 actually) to copy filtered resources, i.e. build is platform dependent!
2016-04-12 09:22:31,827 [Worker-15] INFO  o.e.m.c.i.embedder.EclipseLogger - skip non existing resourceDirectory /home/danila/DDS-UTN/2016-jm-group-08/TPPOI/src/test/resources
2016-04-12 09:22:54,716 [Worker-0] WARN  o.e.m.c.i.embedder.EclipseLogger - Using platform encoding (UTF-8 actually) to copy filtered resources, i.e. build is platform dependent!
2016-04-12 09:22:54,720 [Worker-0] INFO  o.e.m.c.i.embedder.EclipseLogger - skip non existing resourceDirectory /home/danila/DDS-UTN/2016-jm-group-08/TPPOI/src/main/resources
2016-04-12 09:22:54,747 [Worker-0] WARN  o.e.m.c.i.embedder.EclipseLogger - Using platform encoding (UTF-8 actually) to copy filtered resources, i.e. build is platform dependent!
2016-04-12 09:22:54,748 [Worker-0] INFO  o.e.m.c.i.embedder.EclipseLogger - skip non existing resourceDirectory /home/danila/DDS-UTN/2016-jm-group-08/TPPOI/src/test/resources
2016-04-12 09:23:26,045 [Worker-18] WARN  o.e.m.c.i.embedder.EclipseLogger - Using platform encoding (UTF-8 actually) to copy filtered resources, i.e. build is platform dependent!
2016-04-12 09:23:26,047 [Worker-18] INFO  o.e.m.c.i.embedder.EclipseLogger - skip non existing resourceDirectory /home/danila/DDS-UTN/2016-jm-group-08/TPPOI/src/main/resources
2016-04-12 09:23:26,048 [Worker-18] WARN  o.e.m.c.i.embedder.EclipseLogger - Using platform encoding (UTF-8 actually) to copy filtered resources, i.e. build is platform dependent!
2016-04-12 09:23:26,049 [Worker-18] INFO  o.e.m.c.i.embedder.EclipseLogger - skip non existing resourceDirectory /home/danila/DDS-UTN/2016-jm-group-08/TPPOI/src/test/resources
2016-04-12 09:23:38,458 [Worker-17] WARN  o.e.m.c.i.embedder.EclipseLogger - Using platform encoding (UTF-8 actually) to copy filtered resources, i.e. build is platform dependent!
2016-04-12 09:23:38,461 [Worker-17] INFO  o.e.m.c.i.embedder.EclipseLogger - skip non existing resourceDirectory /home/danila/DDS-UTN/2016-jm-group-08/TPPOI/src/main/resources
2016-04-12 09:23:38,465 [Worker-17] WARN  o.e.m.c.i.embedder.EclipseLogger - Using platform encoding (UTF-8 actually) to copy filtered resources, i.e. build is platform dependent!
2016-04-12 09:23:38,469 [Worker-17] INFO  o.e.m.c.i.embedder.EclipseLogger - skip non existing resourceDirectory /home/danila/DDS-UTN/2016-jm-group-08/TPPOI/src/test/resources
2016-04-12 09:24:07,613 [Worker-18] WARN  o.e.m.c.i.embedder.EclipseLogger - Using platform encoding (UTF-8 actually) to copy filtered resources, i.e. build is platform dependent!
2016-04-12 09:24:07,629 [Worker-18] INFO  o.e.m.c.i.embedder.EclipseLogger - skip non existing resourceDirectory /home/danila/DDS-UTN/2016-jm-group-08/TPPOI/src/main/resources
2016-04-12 09:24:07,631 [Worker-18] WARN  o.e.m.c.i.embedder.EclipseLogger - Using platform encoding (UTF-8 actually) to copy filtered resources, i.e. build is platform dependent!
2016-04-12 09:24:07,637 [Worker-18] INFO  o.e.m.c.i.embedder.EclipseLogger - skip non existing resourceDirectory /home/danila/DDS-UTN/2016-jm-group-08/TPPOI/src/test/resources
2016-04-12 09:24:26,232 [Worker-15] WARN  o.e.m.c.i.embedder.EclipseLogger - Using platform encoding (UTF-8 actually) to copy filtered resources, i.e. build is platform dependent!
2016-04-12 09:24:26,239 [Worker-15] INFO  o.e.m.c.i.embedder.EclipseLogger - skip non existing resourceDirectory /home/danila/DDS-UTN/2016-jm-group-08/TPPOI/src/main/resources
2016-04-12 09:24:26,249 [Worker-15] WARN  o.e.m.c.i.embedder.EclipseLogger - Using platform encoding (UTF-8 actually) to copy filtered resources, i.e. build is platform dependent!
2016-04-12 09:24:26,252 [Worker-15] INFO  o.e.m.c.i.embedder.EclipseLogger - skip non existing resourceDirectory /home/danila/DDS-UTN/2016-jm-group-08/TPPOI/src/test/resources
2016-04-12 12:37:30,922 [Worker-25] WARN  o.e.m.c.i.embedder.EclipseLogger - Using platform encoding (UTF-8 actually) to copy filtered resources, i.e. build is platform dependent!
2016-04-12 12:37:30,933 [Worker-25] INFO  o.e.m.c.i.embedder.EclipseLogger - skip non existing resourceDirectory /home/danila/DDS-UTN/2016-jm-group-08/TPPOI/src/main/resources
2016-04-12 12:37:30,938 [Worker-25] WARN  o.e.m.c.i.embedder.EclipseLogger - Using platform encoding (UTF-8 actually) to copy filtered resources, i.e. build is platform dependent!
2016-04-12 12:37:30,939 [Worker-25] INFO  o.e.m.c.i.embedder.EclipseLogger - skip non existing resourceDirectory /home/danila/DDS-UTN/2016-jm-group-08/TPPOI/src/test/resources
2016-04-12 12:37:39,590 [Worker-26] WARN  o.e.m.c.i.embedder.EclipseLogger - Using platform encoding (UTF-8 actually) to copy filtered resources, i.e. build is platform dependent!
2016-04-12 12:37:39,594 [Worker-26] INFO  o.e.m.c.i.embedder.EclipseLogger - skip non existing resourceDirectory /home/danila/DDS-UTN/2016-jm-group-08/TPPOI/src/main/resources
2016-04-12 12:37:39,602 [Worker-26] WARN  o.e.m.c.i.embedder.EclipseLogger - Using platform encoding (UTF-8 actually) to copy filtered resources, i.e. build is platform dependent!
2016-04-12 12:37:39,605 [Worker-26] INFO  o.e.m.c.i.embedder.EclipseLogger - skip non existing resourceDirectory /home/danila/DDS-UTN/2016-jm-group-08/TPPOI/src/test/resources
2016-04-12 12:38:05,067 [Worker-21] WARN  o.e.m.c.i.embedder.EclipseLogger - Using platform encoding (UTF-8 actually) to copy filtered resources, i.e. build is platform dependent!
2016-04-12 12:38:05,068 [Worker-21] INFO  o.e.m.c.i.embedder.EclipseLogger - skip non existing resourceDirectory /home/danila/DDS-UTN/2016-jm-group-08/TPPOI/src/main/resources
2016-04-12 12:38:05,070 [Worker-21] WARN  o.e.m.c.i.embedder.EclipseLogger - Using platform encoding (UTF-8 actually) to copy filtered resources, i.e. build is platform dependent!
2016-04-12 12:38:05,077 [Worker-21] INFO  o.e.m.c.i.embedder.EclipseLogger - skip non existing resourceDirectory /home/danila/DDS-UTN/2016-jm-group-08/TPPOI/src/test/resources
2016-04-12 12:38:12,598 [Worker-24] WARN  o.e.m.c.i.embedder.EclipseLogger - Using platform encoding (UTF-8 actually) to copy filtered resources, i.e. build is platform dependent!
2016-04-12 12:38:12,609 [Worker-24] INFO  o.e.m.c.i.embedder.EclipseLogger - skip non existing resourceDirectory /home/danila/DDS-UTN/2016-jm-group-08/TPPOI/src/main/resources
2016-04-12 12:38:12,611 [Worker-24] WARN  o.e.m.c.i.embedder.EclipseLogger - Using platform encoding (UTF-8 actually) to copy filtered resources, i.e. build is platform dependent!
2016-04-12 12:38:12,625 [Worker-24] INFO  o.e.m.c.i.embedder.EclipseLogger - skip non existing resourceDirectory /home/danila/DDS-UTN/2016-jm-group-08/TPPOI/src/test/resources
2016-04-12 12:38:44,242 [Worker-25] WARN  o.e.m.c.i.embedder.EclipseLogger - Using platform encoding (UTF-8 actually) to copy filtered resources, i.e. build is platform dependent!
2016-04-12 12:38:44,249 [Worker-25] INFO  o.e.m.c.i.embedder.EclipseLogger - skip non existing resourceDirectory /home/danila/DDS-UTN/2016-jm-group-08/TPPOI/src/main/resources
2016-04-12 12:38:44,261 [Worker-25] WARN  o.e.m.c.i.embedder.EclipseLogger - Using platform encoding (UTF-8 actually) to copy filtered resources, i.e. build is platform dependent!
2016-04-12 12:38:44,261 [Worker-25] INFO  o.e.m.c.i.embedder.EclipseLogger - skip non existing resourceDirectory /home/danila/DDS-UTN/2016-jm-group-08/TPPOI/src/test/resources
2016-04-12 12:38:59,748 [Worker-25] WARN  o.e.m.c.i.embedder.EclipseLogger - Using platform encoding (UTF-8 actually) to copy filtered resources, i.e. build is platform dependent!
2016-04-12 12:38:59,748 [Worker-25] INFO  o.e.m.c.i.embedder.EclipseLogger - skip non existing resourceDirectory /home/danila/DDS-UTN/2016-jm-group-08/TPPOI/src/main/resources
2016-04-12 12:38:59,749 [Worker-25] WARN  o.e.m.c.i.embedder.EclipseLogger - Using platform encoding (UTF-8 actually) to copy filtered resources, i.e. build is platform dependent!
2016-04-12 12:38:59,759 [Worker-25] INFO  o.e.m.c.i.embedder.EclipseLogger - skip non existing resourceDirectory /home/danila/DDS-UTN/2016-jm-group-08/TPPOI/src/test/resources
2016-04-12 13:35:36,356 [Worker-34] WARN  o.e.m.c.i.embedder.EclipseLogger - Using platform encoding (UTF-8 actually) to copy filtered resources, i.e. build is platform dependent!
2016-04-12 13:35:36,366 [Worker-34] INFO  o.e.m.c.i.embedder.EclipseLogger - skip non existing resourceDirectory /home/danila/DDS-UTN/2016-jm-group-08/TPPOI/src/main/resources
2016-04-12 13:35:36,371 [Worker-34] WARN  o.e.m.c.i.embedder.EclipseLogger - Using platform encoding (UTF-8 actually) to copy filtered resources, i.e. build is platform dependent!
2016-04-12 13:35:36,385 [Worker-34] INFO  o.e.m.c.i.embedder.EclipseLogger - skip non existing resourceDirectory /home/danila/DDS-UTN/2016-jm-group-08/TPPOI/src/test/resources
2016-04-13 07:59:10,710 [main] INFO  c.g.t.t.d.PublishedGradleVersions - Gradle version information cache file is not out-of-date. No remote download required.
2016-04-13 07:59:26,805 [Worker-2] INFO  o.e.m.c.i.l.LifecycleMappingFactory - Using org.eclipse.m2e.jdt.JarLifecycleMapping lifecycle mapping for MavenProject: ar.edu.TPPOI:TPPOI:1.0-SNAPSHOT @ /home/danila/DDS-UTN/2016-jm-group-08/TPPOI/pom.xml.
2016-04-13 07:59:30,417 [Worker-14] WARN  o.e.m.c.i.embedder.EclipseLogger - Using platform encoding (UTF-8 actually) to copy filtered resources, i.e. build is platform dependent!
2016-04-13 07:59:30,431 [Worker-14] INFO  o.e.m.c.i.embedder.EclipseLogger - skip non existing resourceDirectory /home/danila/DDS-UTN/2016-jm-group-08/TPPOI/src/main/resources
2016-04-13 07:59:30,446 [Worker-14] WARN  o.e.m.c.i.embedder.EclipseLogger - Using platform encoding (UTF-8 actually) to copy filtered resources, i.e. build is platform dependent!
2016-04-13 07:59:30,447 [Worker-14] INFO  o.e.m.c.i.embedder.EclipseLogger - skip non existing resourceDirectory /home/danila/DDS-UTN/2016-jm-group-08/TPPOI/src/test/resources
2016-04-13 12:02:11,670 [Worker-57] WARN  o.e.m.c.i.embedder.EclipseLogger - Using platform encoding (UTF-8 actually) to copy filtered resources, i.e. build is platform dependent!
2016-04-13 12:02:11,683 [Worker-57] INFO  o.e.m.c.i.embedder.EclipseLogger - skip non existing resourceDirectory /home/danila/DDS-UTN/2016-jm-group-08/TPPOI/src/main/resources
2016-04-13 12:02:11,689 [Worker-57] WARN  o.e.m.c.i.embedder.EclipseLogger - Using platform encoding (UTF-8 actually) to copy filtered resources, i.e. build is platform dependent!
2016-04-13 12:02:11,690 [Worker-57] INFO  o.e.m.c.i.embedder.EclipseLogger - skip non existing resourceDirectory /home/danila/DDS-UTN/2016-jm-group-08/TPPOI/src/test/resources
2016-04-13 13:35:49,397 [Worker-67] WARN  o.e.m.c.i.embedder.EclipseLogger - Using platform encoding (UTF-8 actually) to copy filtered resources, i.e. build is platform dependent!
2016-04-13 13:35:49,400 [Worker-67] INFO  o.e.m.c.i.embedder.EclipseLogger - skip non existing resourceDirectory /home/danila/DDS-UTN/2016-jm-group-08/TPPOI/src/main/resources
2016-04-13 13:35:49,401 [Worker-67] WARN  o.e.m.c.i.embedder.EclipseLogger - Using platform encoding (UTF-8 actually) to copy filtered resources, i.e. build is platform dependent!
2016-04-13 13:35:49,410 [Worker-67] INFO  o.e.m.c.i.embedder.EclipseLogger - skip non existing resourceDirectory /home/danila/DDS-UTN/2016-jm-group-08/TPPOI/src/test/resources
2016-04-13 13:38:02,932 [Worker-66] WARN  o.e.m.c.i.embedder.EclipseLogger - Using platform encoding (UTF-8 actually) to copy filtered resources, i.e. build is platform dependent!
2016-04-13 13:38:02,933 [Worker-66] INFO  o.e.m.c.i.embedder.EclipseLogger - skip non existing resourceDirectory /home/danila/DDS-UTN/2016-jm-group-08/TPPOI/src/main/resources
2016-04-13 13:38:02,937 [Worker-66] WARN  o.e.m.c.i.embedder.EclipseLogger - Using platform encoding (UTF-8 actually) to copy filtered resources, i.e. build is platform dependent!
2016-04-13 13:38:02,938 [Worker-66] INFO  o.e.m.c.i.embedder.EclipseLogger - skip non existing resourceDirectory /home/danila/DDS-UTN/2016-jm-group-08/TPPOI/src/test/resources
2016-04-13 13:40:21,858 [Worker-70] WARN  o.e.m.c.i.embedder.EclipseLogger - Using platform encoding (UTF-8 actually) to copy filtered resources, i.e. build is platform dependent!
2016-04-13 13:40:21,865 [Worker-70] INFO  o.e.m.c.i.embedder.EclipseLogger - skip non existing resourceDirectory /home/danila/DDS-UTN/2016-jm-group-08/TPPOI/src/main/resources
2016-04-13 13:40:21,874 [Worker-70] WARN  o.e.m.c.i.embedder.EclipseLogger - Using platform encoding (UTF-8 actually) to copy filtered resources, i.e. build is platform dependent!
2016-04-13 13:40:21,883 [Worker-70] INFO  o.e.m.c.i.embedder.EclipseLogger - skip non existing resourceDirectory /home/danila/DDS-UTN/2016-jm-group-08/TPPOI/src/test/resources
2016-04-13 13:46:44,479 [Worker-63] WARN  o.e.m.c.i.embedder.EclipseLogger - Using platform encoding (UTF-8 actually) to copy filtered resources, i.e. build is platform dependent!
2016-04-13 13:46:44,484 [Worker-63] INFO  o.e.m.c.i.embedder.EclipseLogger - skip non existing resourceDirectory /home/danila/DDS-UTN/2016-jm-group-08/TPPOI/src/main/resources
2016-04-13 13:46:44,491 [Worker-63] WARN  o.e.m.c.i.embedder.EclipseLogger - Using platform encoding (UTF-8 actually) to copy filtered resources, i.e. build is platform dependent!
2016-04-13 13:46:44,495 [Worker-63] INFO  o.e.m.c.i.embedder.EclipseLogger - skip non existing resourceDirectory /home/danila/DDS-UTN/2016-jm-group-08/TPPOI/src/test/resources
2016-04-13 14:00:39,577 [Worker-71] WARN  o.e.m.c.i.embedder.EclipseLogger - Using platform encoding (UTF-8 actually) to copy filtered resources, i.e. build is platform dependent!
2016-04-13 14:00:39,577 [Worker-71] INFO  o.e.m.c.i.embedder.EclipseLogger - skip non existing resourceDirectory /home/danila/DDS-UTN/2016-jm-group-08/TPPOI/src/main/resources
2016-04-13 14:00:39,583 [Worker-71] WARN  o.e.m.c.i.embedder.EclipseLogger - Using platform encoding (UTF-8 actually) to copy filtered resources, i.e. build is platform dependent!
2016-04-13 14:00:39,584 [Worker-71] INFO  o.e.m.c.i.embedder.EclipseLogger - skip non existing resourceDirectory /home/danila/DDS-UTN/2016-jm-group-08/TPPOI/src/test/resources
2016-04-13 14:01:02,996 [Worker-66] WARN  o.e.m.c.i.embedder.EclipseLogger - Using platform encoding (UTF-8 actually) to copy filtered resources, i.e. build is platform dependent!
2016-04-13 14:01:03,008 [Worker-66] INFO  o.e.m.c.i.embedder.EclipseLogger - skip non existing resourceDirectory /home/danila/DDS-UTN/2016-jm-group-08/TPPOI/src/main/resources
2016-04-13 14:01:03,017 [Worker-66] WARN  o.e.m.c.i.embedder.EclipseLogger - Using platform encoding (UTF-8 actually) to copy filtered resources, i.e. build is platform dependent!
2016-04-13 14:01:03,031 [Worker-66] INFO  o.e.m.c.i.embedder.EclipseLogger - skip non existing resourceDirectory /home/danila/DDS-UTN/2016-jm-group-08/TPPOI/src/test/resources
2016-04-13 14:30:26,144 [Worker-71] WARN  o.e.m.c.i.embedder.EclipseLogger - Using platform encoding (UTF-8 actually) to copy filtered resources, i.e. build is platform dependent!
2016-04-13 14:30:26,149 [Worker-71] INFO  o.e.m.c.i.embedder.EclipseLogger - skip non existing resourceDirectory /home/danila/DDS-UTN/2016-jm-group-08/TPPOI/src/main/resources
2016-04-13 14:30:26,151 [Worker-71] WARN  o.e.m.c.i.embedder.EclipseLogger - Using platform encoding (UTF-8 actually) to copy filtered resources, i.e. build is platform dependent!
2016-04-13 14:30:26,153 [Worker-71] INFO  o.e.m.c.i.embedder.EclipseLogger - skip non existing resourceDirectory /home/danila/DDS-UTN/2016-jm-group-08/TPPOI/src/test/resources
2016-04-13 14:55:46,942 [Worker-73] WARN  o.e.m.c.i.embedder.EclipseLogger - Using platform encoding (UTF-8 actually) to copy filtered resources, i.e. build is platform dependent!
2016-04-13 14:55:46,944 [Worker-73] INFO  o.e.m.c.i.embedder.EclipseLogger - skip non existing resourceDirectory /home/danila/DDS-UTN/2016-jm-group-08/TPPOI/src/main/resources
2016-04-13 14:55:46,947 [Worker-73] WARN  o.e.m.c.i.embedder.EclipseLogger - Using platform encoding (UTF-8 actually) to copy filtered resources, i.e. build is platform dependent!
2016-04-13 14:55:46,953 [Worker-73] INFO  o.e.m.c.i.embedder.EclipseLogger - skip non existing resourceDirectory /home/danila/DDS-UTN/2016-jm-group-08/TPPOI/src/test/resources
2016-04-13 14:57:02,885 [Worker-73] WARN  o.e.m.c.i.embedder.EclipseLogger - Using platform encoding (UTF-8 actually) to copy filtered resources, i.e. build is platform dependent!
2016-04-13 14:57:02,889 [Worker-73] INFO  o.e.m.c.i.embedder.EclipseLogger - skip non existing resourceDirectory /home/danila/DDS-UTN/2016-jm-group-08/TPPOI/src/main/resources
2016-04-13 14:57:02,900 [Worker-73] WARN  o.e.m.c.i.embedder.EclipseLogger - Using platform encoding (UTF-8 actually) to copy filtered resources, i.e. build is platform dependent!
2016-04-13 14:57:02,902 [Worker-73] INFO  o.e.m.c.i.embedder.EclipseLogger - skip non existing resourceDirectory /home/danila/DDS-UTN/2016-jm-group-08/TPPOI/src/test/resources
2016-04-13 14:58:14,259 [Worker-73] WARN  o.e.m.c.i.embedder.EclipseLogger - Using platform encoding (UTF-8 actually) to copy filtered resources, i.e. build is platform dependent!
2016-04-13 14:58:14,263 [Worker-73] INFO  o.e.m.c.i.embedder.EclipseLogger - skip non existing resourceDirectory /home/danila/DDS-UTN/2016-jm-group-08/TPPOI/src/main/resources
2016-04-13 14:58:14,266 [Worker-73] WARN  o.e.m.c.i.embedder.EclipseLogger - Using platform encoding (UTF-8 actually) to copy filtered resources, i.e. build is platform dependent!
2016-04-13 14:58:14,267 [Worker-73] INFO  o.e.m.c.i.embedder.EclipseLogger - skip non existing resourceDirectory /home/danila/DDS-UTN/2016-jm-group-08/TPPOI/src/test/resources
2016-04-13 15:06:26,693 [Worker-75] WARN  o.e.m.c.i.embedder.EclipseLogger - Using platform encoding (UTF-8 actually) to copy filtered resources, i.e. build is platform dependent!
2016-04-13 15:06:26,698 [Worker-75] INFO  o.e.m.c.i.embedder.EclipseLogger - skip non existing resourceDirectory /home/danila/DDS-UTN/2016-jm-group-08/TPPOI/src/main/resources
2016-04-13 15:06:26,700 [Worker-75] WARN  o.e.m.c.i.embedder.EclipseLogger - Using platform encoding (UTF-8 actually) to copy filtered resources, i.e. build is platform dependent!
2016-04-13 15:06:26,716 [Worker-75] INFO  o.e.m.c.i.embedder.EclipseLogger - skip non existing resourceDirectory /home/danila/DDS-UTN/2016-jm-group-08/TPPOI/src/test/resources
2016-04-13 15:07:20,255 [Worker-75] WARN  o.e.m.c.i.embedder.EclipseLogger - Using platform encoding (UTF-8 actually) to copy filtered resources, i.e. build is platform dependent!
2016-04-13 15:07:20,260 [Worker-75] INFO  o.e.m.c.i.embedder.EclipseLogger - skip non existing resourceDirectory /home/danila/DDS-UTN/2016-jm-group-08/TPPOI/src/main/resources
2016-04-13 15:07:20,261 [Worker-75] WARN  o.e.m.c.i.embedder.EclipseLogger - Using platform encoding (UTF-8 actually) to copy filtered resources, i.e. build is platform dependent!
2016-04-13 15:07:20,283 [Worker-75] INFO  o.e.m.c.i.embedder.EclipseLogger - skip non existing resourceDirectory /home/danila/DDS-UTN/2016-jm-group-08/TPPOI/src/test/resources
2016-04-13 15:07:48,180 [Worker-73] WARN  o.e.m.c.i.embedder.EclipseLogger - Using platform encoding (UTF-8 actually) to copy filtered resources, i.e. build is platform dependent!
2016-04-13 15:07:48,181 [Worker-73] INFO  o.e.m.c.i.embedder.EclipseLogger - skip non existing resourceDirectory /home/danila/DDS-UTN/2016-jm-group-08/TPPOI/src/main/resources
2016-04-13 15:07:48,182 [Worker-73] WARN  o.e.m.c.i.embedder.EclipseLogger - Using platform encoding (UTF-8 actually) to copy filtered resources, i.e. build is platform dependent!
2016-04-13 15:07:48,182 [Worker-73] INFO  o.e.m.c.i.embedder.EclipseLogger - skip non existing resourceDirectory /home/danila/DDS-UTN/2016-jm-group-08/TPPOI/src/test/resources
2016-04-13 15:11:32,119 [Worker-78] WARN  o.e.m.c.i.embedder.EclipseLogger - Using platform encoding (UTF-8 actually) to copy filtered resources, i.e. build is platform dependent!
2016-04-13 15:11:32,120 [Worker-78] INFO  o.e.m.c.i.embedder.EclipseLogger - skip non existing resourceDirectory /home/danila/DDS-UTN/2016-jm-group-08/TPPOI/src/main/resources
2016-04-13 15:11:32,124 [Worker-78] WARN  o.e.m.c.i.embedder.EclipseLogger - Using platform encoding (UTF-8 actually) to copy filtered resources, i.e. build is platform dependent!
2016-04-13 15:11:32,130 [Worker-78] INFO  o.e.m.c.i.embedder.EclipseLogger - skip non existing resourceDirectory /home/danila/DDS-UTN/2016-jm-group-08/TPPOI/src/test/resources
2016-04-13 15:13:06,244 [Worker-73] WARN  o.e.m.c.i.embedder.EclipseLogger - Using platform encoding (UTF-8 actually) to copy filtered resources, i.e. build is platform dependent!
2016-04-13 15:13:06,245 [Worker-73] INFO  o.e.m.c.i.embedder.EclipseLogger - skip non existing resourceDirectory /home/danila/DDS-UTN/2016-jm-group-08/TPPOI/src/main/resources
2016-04-13 15:13:06,251 [Worker-73] WARN  o.e.m.c.i.embedder.EclipseLogger - Using platform encoding (UTF-8 actually) to copy filtered resources, i.e. build is platform dependent!
2016-04-13 15:13:06,254 [Worker-73] INFO  o.e.m.c.i.embedder.EclipseLogger - skip non existing resourceDirectory /home/danila/DDS-UTN/2016-jm-group-08/TPPOI/src/test/resources
2016-04-15 09:30:31,879 [Worker-97] WARN  o.e.m.c.i.embedder.EclipseLogger - Using platform encoding (UTF-8 actually) to copy filtered resources, i.e. build is platform dependent!
2016-04-15 09:30:31,897 [Worker-97] INFO  o.e.m.c.i.embedder.EclipseLogger - skip non existing resourceDirectory /home/danila/DDS-UTN/2016-jm-group-08/TPPOI/src/main/resources
2016-04-15 09:30:31,899 [Worker-97] WARN  o.e.m.c.i.embedder.EclipseLogger - Using platform encoding (UTF-8 actually) to copy filtered resources, i.e. build is platform dependent!
2016-04-15 09:30:31,899 [Worker-97] INFO  o.e.m.c.i.embedder.EclipseLogger - skip non existing resourceDirectory /home/danila/DDS-UTN/2016-jm-group-08/TPPOI/src/test/resources
2016-04-15 09:30:33,330 [Worker-99] WARN  o.e.m.c.i.embedder.EclipseLogger - Using platform encoding (UTF-8 actually) to copy filtered resources, i.e. build is platform dependent!
2016-04-15 09:30:33,330 [Worker-99] INFO  o.e.m.c.i.embedder.EclipseLogger - skip non existing resourceDirectory /home/danila/DDS-UTN/2016-jm-group-08/TPPOI/src/main/resources
2016-04-15 09:30:33,332 [Worker-99] WARN  o.e.m.c.i.embedder.EclipseLogger - Using platform encoding (UTF-8 actually) to copy filtered resources, i.e. build is platform dependent!
2016-04-15 09:30:33,332 [Worker-99] INFO  o.e.m.c.i.embedder.EclipseLogger - skip non existing resourceDirectory /home/danila/DDS-UTN/2016-jm-group-08/TPPOI/src/test/resources
2016-04-15 09:30:34,757 [Worker-95] WARN  o.e.m.c.i.embedder.EclipseLogger - Using platform encoding (UTF-8 actually) to copy filtered resources, i.e. build is platform dependent!
2016-04-15 09:30:34,761 [Worker-95] INFO  o.e.m.c.i.embedder.EclipseLogger - skip non existing resourceDirectory /home/danila/DDS-UTN/2016-jm-group-08/TPPOI/src/main/resources
2016-04-15 09:30:34,763 [Worker-95] WARN  o.e.m.c.i.embedder.EclipseLogger - Using platform encoding (UTF-8 actually) to copy filtered resources, i.e. build is platform dependent!
2016-04-15 09:30:34,763 [Worker-95] INFO  o.e.m.c.i.embedder.EclipseLogger - skip non existing resourceDirectory /home/danila/DDS-UTN/2016-jm-group-08/TPPOI/src/test/resources
2016-04-15 09:30:42,561 [Worker-92] WARN  o.e.m.c.i.embedder.EclipseLogger - Using platform encoding (UTF-8 actually) to copy filtered resources, i.e. build is platform dependent!
2016-04-15 09:30:42,562 [Worker-92] INFO  o.e.m.c.i.embedder.EclipseLogger - skip non existing resourceDirectory /home/danila/DDS-UTN/2016-jm-group-08/TPPOI/src/main/resources
2016-04-15 09:30:42,563 [Worker-92] WARN  o.e.m.c.i.embedder.EclipseLogger - Using platform encoding (UTF-8 actually) to copy filtered resources, i.e. build is platform dependent!
2016-04-15 09:30:42,563 [Worker-92] INFO  o.e.m.c.i.embedder.EclipseLogger - skip non existing resourceDirectory /home/danila/DDS-UTN/2016-jm-group-08/TPPOI/src/test/resources
2016-04-15 09:33:47,159 [Worker-97] WARN  o.e.m.c.i.embedder.EclipseLogger - Using platform encoding (UTF-8 actually) to copy filtered resources, i.e. build is platform dependent!
2016-04-15 09:33:47,160 [Worker-97] INFO  o.e.m.c.i.embedder.EclipseLogger - skip non existing resourceDirectory /home/danila/DDS-UTN/2016-jm-group-08/TPPOI/src/main/resources
2016-04-15 09:33:47,171 [Worker-97] WARN  o.e.m.c.i.embedder.EclipseLogger - Using platform encoding (UTF-8 actually) to copy filtered resources, i.e. build is platform dependent!
2016-04-15 09:33:47,171 [Worker-97] INFO  o.e.m.c.i.embedder.EclipseLogger - skip non existing resourceDirectory /home/danila/DDS-UTN/2016-jm-group-08/TPPOI/src/test/resources
2016-04-15 09:34:19,643 [Worker-100] WARN  o.e.m.c.i.embedder.EclipseLogger - Using platform encoding (UTF-8 actually) to copy filtered resources, i.e. build is platform dependent!
2016-04-15 09:34:19,651 [Worker-100] INFO  o.e.m.c.i.embedder.EclipseLogger - skip non existing resourceDirectory /home/danila/DDS-UTN/2016-jm-group-08/TPPOI/src/main/resources
2016-04-15 09:34:19,653 [Worker-100] WARN  o.e.m.c.i.embedder.EclipseLogger - Using platform encoding (UTF-8 actually) to copy filtered resources, i.e. build is platform dependent!
2016-04-15 09:34:19,663 [Worker-100] INFO  o.e.m.c.i.embedder.EclipseLogger - skip non existing resourceDirectory /home/danila/DDS-UTN/2016-jm-group-08/TPPOI/src/test/resources
2016-04-15 10:34:25,525 [main] INFO  c.g.t.t.d.PublishedGradleVersions - Gradle version information cache file is out-of-date. Remote download required.
2016-04-15 11:10:12,385 [main] INFO  c.g.t.t.d.PublishedGradleVersions - Gradle version information cache file is not out-of-date. No remote download required.
2016-04-15 11:10:21,898 [Worker-1] WARN  o.e.m.c.i.embedder.EclipseLogger - Using platform encoding (UTF-8 actually) to copy filtered resources, i.e. build is platform dependent!
2016-04-15 11:10:21,950 [Worker-1] INFO  o.e.m.c.i.embedder.EclipseLogger - skip non existing resourceDirectory /home/danila/DDS-UTN/2016-jm-group-08/TPPOI/src/main/resources
2016-04-15 11:10:21,963 [Worker-1] WARN  o.e.m.c.i.embedder.EclipseLogger - Using platform encoding (UTF-8 actually) to copy filtered resources, i.e. build is platform dependent!
2016-04-15 11:10:21,972 [Worker-1] INFO  o.e.m.c.i.embedder.EclipseLogger - skip non existing resourceDirectory /home/danila/DDS-UTN/2016-jm-group-08/TPPOI/src/test/resources
2016-04-15 11:17:12,343 [Worker-19] WARN  o.e.m.c.i.embedder.EclipseLogger - Using platform encoding (UTF-8 actually) to copy filtered resources, i.e. build is platform dependent!
2016-04-15 11:17:12,352 [Worker-19] INFO  o.e.m.c.i.embedder.EclipseLogger - skip non existing resourceDirectory /home/danila/DDS-UTN/2016-jm-group-08/TPPOI/src/main/resources
2016-04-15 11:17:12,354 [Worker-19] WARN  o.e.m.c.i.embedder.EclipseLogger - Using platform encoding (UTF-8 actually) to copy filtered resources, i.e. build is platform dependent!
2016-04-15 11:17:12,355 [Worker-19] INFO  o.e.m.c.i.embedder.EclipseLogger - skip non existing resourceDirectory /home/danila/DDS-UTN/2016-jm-group-08/TPPOI/src/test/resources
2016-04-15 11:17:41,735 [Worker-16] WARN  o.e.m.c.i.embedder.EclipseLogger - Using platform encoding (UTF-8 actually) to copy filtered resources, i.e. build is platform dependent!
2016-04-15 11:17:41,743 [Worker-16] INFO  o.e.m.c.i.embedder.EclipseLogger - skip non existing resourceDirectory /home/danila/DDS-UTN/2016-jm-group-08/TPPOI/src/main/resources
2016-04-15 11:17:41,758 [Worker-16] WARN  o.e.m.c.i.embedder.EclipseLogger - Using platform encoding (UTF-8 actually) to copy filtered resources, i.e. build is platform dependent!
2016-04-15 11:17:41,772 [Worker-16] INFO  o.e.m.c.i.embedder.EclipseLogger - skip non existing resourceDirectory /home/danila/DDS-UTN/2016-jm-group-08/TPPOI/src/test/resources
2016-04-15 11:18:17,404 [Worker-19] WARN  o.e.m.c.i.embedder.EclipseLogger - Using platform encoding (UTF-8 actually) to copy filtered resources, i.e. build is platform dependent!
2016-04-15 11:18:17,410 [Worker-19] INFO  o.e.m.c.i.embedder.EclipseLogger - skip non existing resourceDirectory /home/danila/DDS-UTN/2016-jm-group-08/TPPOI/src/main/resources
2016-04-15 11:18:17,412 [Worker-19] WARN  o.e.m.c.i.embedder.EclipseLogger - Using platform encoding (UTF-8 actually) to copy filtered resources, i.e. build is platform dependent!
2016-04-15 11:18:17,412 [Worker-19] INFO  o.e.m.c.i.embedder.EclipseLogger - skip non existing resourceDirectory /home/danila/DDS-UTN/2016-jm-group-08/TPPOI/src/test/resources
2016-04-15 11:25:41,991 [Worker-20] WARN  o.e.m.c.i.embedder.EclipseLogger - Using platform encoding (UTF-8 actually) to copy filtered resources, i.e. build is platform dependent!
2016-04-15 11:25:42,023 [Worker-20] INFO  o.e.m.c.i.embedder.EclipseLogger - skip non existing resourceDirectory /home/danila/DDS-UTN/2016-jm-group-08/TPPOI/src/main/resources
2016-04-15 11:25:42,025 [Worker-20] WARN  o.e.m.c.i.embedder.EclipseLogger - Using platform encoding (UTF-8 actually) to copy filtered resources, i.e. build is platform dependent!
2016-04-15 11:25:42,025 [Worker-20] INFO  o.e.m.c.i.embedder.EclipseLogger - skip non existing resourceDirectory /home/danila/DDS-UTN/2016-jm-group-08/TPPOI/src/test/resources
2016-04-15 11:25:56,984 [Worker-16] WARN  o.e.m.c.i.embedder.EclipseLogger - Using platform encoding (UTF-8 actually) to copy filtered resources, i.e. build is platform dependent!
2016-04-15 11:25:56,988 [Worker-16] INFO  o.e.m.c.i.embedder.EclipseLogger - skip non existing resourceDirectory /home/danila/DDS-UTN/2016-jm-group-08/TPPOI/src/main/resources
2016-04-15 11:25:56,989 [Worker-16] WARN  o.e.m.c.i.embedder.EclipseLogger - Using platform encoding (UTF-8 actually) to copy filtered resources, i.e. build is platform dependent!
2016-04-15 11:25:56,996 [Worker-16] INFO  o.e.m.c.i.embedder.EclipseLogger - skip non existing resourceDirectory /home/danila/DDS-UTN/2016-jm-group-08/TPPOI/src/test/resources
2016-04-15 11:27:59,644 [Worker-16] WARN  o.e.m.c.i.embedder.EclipseLogger - Using platform encoding (UTF-8 actually) to copy filtered resources, i.e. build is platform dependent!
2016-04-15 11:27:59,664 [Worker-16] INFO  o.e.m.c.i.embedder.EclipseLogger - skip non existing resourceDirectory /home/danila/DDS-UTN/2016-jm-group-08/TPPOI/src/main/resources
2016-04-15 11:27:59,668 [Worker-16] WARN  o.e.m.c.i.embedder.EclipseLogger - Using platform encoding (UTF-8 actually) to copy filtered resources, i.e. build is platform dependent!
2016-04-15 11:27:59,669 [Worker-16] INFO  o.e.m.c.i.embedder.EclipseLogger - skip non existing resourceDirectory /home/danila/DDS-UTN/2016-jm-group-08/TPPOI/src/test/resources
2016-04-15 11:28:12,033 [Worker-22] WARN  o.e.m.c.i.embedder.EclipseLogger - Using platform encoding (UTF-8 actually) to copy filtered resources, i.e. build is platform dependent!
2016-04-15 11:28:12,034 [Worker-22] INFO  o.e.m.c.i.embedder.EclipseLogger - skip non existing resourceDirectory /home/danila/DDS-UTN/2016-jm-group-08/TPPOI/src/main/resources
2016-04-15 11:28:12,047 [Worker-22] WARN  o.e.m.c.i.embedder.EclipseLogger - Using platform encoding (UTF-8 actually) to copy filtered resources, i.e. build is platform dependent!
2016-04-15 11:28:12,063 [Worker-22] INFO  o.e.m.c.i.embedder.EclipseLogger - skip non existing resourceDirectory /home/danila/DDS-UTN/2016-jm-group-08/TPPOI/src/test/resources
2016-04-15 11:31:33,589 [Worker-21] WARN  o.e.m.c.i.embedder.EclipseLogger - Using platform encoding (UTF-8 actually) to copy filtered resources, i.e. build is platform dependent!
2016-04-15 11:31:33,592 [Worker-21] INFO  o.e.m.c.i.embedder.EclipseLogger - skip non existing resourceDirectory /home/danila/DDS-UTN/2016-jm-group-08/TPPOI/src/main/resources
2016-04-15 11:31:33,594 [Worker-21] WARN  o.e.m.c.i.embedder.EclipseLogger - Using platform encoding (UTF-8 actually) to copy filtered resources, i.e. build is platform dependent!
2016-04-15 11:31:33,594 [Worker-21] INFO  o.e.m.c.i.embedder.EclipseLogger - skip non existing resourceDirectory /home/danila/DDS-UTN/2016-jm-group-08/TPPOI/src/test/resources
2016-04-15 12:06:14,029 [Worker-24] WARN  o.e.m.c.i.embedder.EclipseLogger - Using platform encoding (UTF-8 actually) to copy filtered resources, i.e. build is platform dependent!
2016-04-15 12:06:14,036 [Worker-24] INFO  o.e.m.c.i.embedder.EclipseLogger - skip non existing resourceDirectory /home/danila/DDS-UTN/2016-jm-group-08/TPPOI/src/main/resources
2016-04-15 12:06:14,038 [Worker-24] WARN  o.e.m.c.i.embedder.EclipseLogger - Using platform encoding (UTF-8 actually) to copy filtered resources, i.e. build is platform dependent!
2016-04-15 12:06:14,052 [Worker-24] INFO  o.e.m.c.i.embedder.EclipseLogger - skip non existing resourceDirectory /home/danila/DDS-UTN/2016-jm-group-08/TPPOI/src/test/resources
2016-04-15 12:06:33,249 [Worker-25] WARN  o.e.m.c.i.embedder.EclipseLogger - Using platform encoding (UTF-8 actually) to copy filtered resources, i.e. build is platform dependent!
2016-04-15 12:06:33,250 [Worker-25] INFO  o.e.m.c.i.embedder.EclipseLogger - skip non existing resourceDirectory /home/danila/DDS-UTN/2016-jm-group-08/TPPOI/src/main/resources
2016-04-15 12:06:33,251 [Worker-25] WARN  o.e.m.c.i.embedder.EclipseLogger - Using platform encoding (UTF-8 actually) to copy filtered resources, i.e. build is platform dependent!
2016-04-15 12:06:33,251 [Worker-25] INFO  o.e.m.c.i.embedder.EclipseLogger - skip non existing resourceDirectory /home/danila/DDS-UTN/2016-jm-group-08/TPPOI/src/test/resources
2016-04-15 12:08:05,401 [Worker-23] WARN  o.e.m.c.i.embedder.EclipseLogger - Using platform encoding (UTF-8 actually) to copy filtered resources, i.e. build is platform dependent!
2016-04-15 12:08:05,424 [Worker-23] INFO  o.e.m.c.i.embedder.EclipseLogger - skip non existing resourceDirectory /home/danila/DDS-UTN/2016-jm-group-08/TPPOI/src/main/resources
2016-04-15 12:08:05,427 [Worker-23] WARN  o.e.m.c.i.embedder.EclipseLogger - Using platform encoding (UTF-8 actually) to copy filtered resources, i.e. build is platform dependent!
2016-04-15 12:08:05,440 [Worker-23] INFO  o.e.m.c.i.embedder.EclipseLogger - skip non existing resourceDirectory /home/danila/DDS-UTN/2016-jm-group-08/TPPOI/src/test/resources
2016-04-15 12:08:20,765 [Worker-27] WARN  o.e.m.c.i.embedder.EclipseLogger - Using platform encoding (UTF-8 actually) to copy filtered resources, i.e. build is platform dependent!
2016-04-15 12:08:20,785 [Worker-27] INFO  o.e.m.c.i.embedder.EclipseLogger - skip non existing resourceDirectory /home/danila/DDS-UTN/2016-jm-group-08/TPPOI/src/main/resources
2016-04-15 12:08:20,789 [Worker-27] WARN  o.e.m.c.i.embedder.EclipseLogger - Using platform encoding (UTF-8 actually) to copy filtered resources, i.e. build is platform dependent!
2016-04-15 12:08:20,790 [Worker-27] INFO  o.e.m.c.i.embedder.EclipseLogger - skip non existing resourceDirectory /home/danila/DDS-UTN/2016-jm-group-08/TPPOI/src/test/resources
2016-04-15 12:08:27,086 [Worker-27] WARN  o.e.m.c.i.embedder.EclipseLogger - Using platform encoding (UTF-8 actually) to copy filtered resources, i.e. build is platform dependent!
2016-04-15 12:08:27,101 [Worker-27] INFO  o.e.m.c.i.embedder.EclipseLogger - skip non existing resourceDirectory /home/danila/DDS-UTN/2016-jm-group-08/TPPOI/src/main/resources
2016-04-15 12:08:27,102 [Worker-27] WARN  o.e.m.c.i.embedder.EclipseLogger - Using platform encoding (UTF-8 actually) to copy filtered resources, i.e. build is platform dependent!
2016-04-15 12:08:27,107 [Worker-27] INFO  o.e.m.c.i.embedder.EclipseLogger - skip non existing resourceDirectory /home/danila/DDS-UTN/2016-jm-group-08/TPPOI/src/test/resources
2016-04-15 12:09:12,537 [Worker-25] WARN  o.e.m.c.i.embedder.EclipseLogger - Using platform encoding (UTF-8 actually) to copy filtered resources, i.e. build is platform dependent!
2016-04-15 12:09:12,540 [Worker-25] INFO  o.e.m.c.i.embedder.EclipseLogger - skip non existing resourceDirectory /home/danila/DDS-UTN/2016-jm-group-08/TPPOI/src/main/resources
2016-04-15 12:09:12,541 [Worker-25] WARN  o.e.m.c.i.embedder.EclipseLogger - Using platform encoding (UTF-8 actually) to copy filtered resources, i.e. build is platform dependent!
2016-04-15 12:09:12,553 [Worker-25] INFO  o.e.m.c.i.embedder.EclipseLogger - skip non existing resourceDirectory /home/danila/DDS-UTN/2016-jm-group-08/TPPOI/src/test/resources
2016-04-15 12:09:35,086 [Worker-24] WARN  o.e.m.c.i.embedder.EclipseLogger - Using platform encoding (UTF-8 actually) to copy filtered resources, i.e. build is platform dependent!
2016-04-15 12:09:35,096 [Worker-24] INFO  o.e.m.c.i.embedder.EclipseLogger - skip non existing resourceDirectory /home/danila/DDS-UTN/2016-jm-group-08/TPPOI/src/main/resources
2016-04-15 12:09:35,098 [Worker-24] WARN  o.e.m.c.i.embedder.EclipseLogger - Using platform encoding (UTF-8 actually) to copy filtered resources, i.e. build is platform dependent!
2016-04-15 12:09:35,105 [Worker-24] INFO  o.e.m.c.i.embedder.EclipseLogger - skip non existing resourceDirectory /home/danila/DDS-UTN/2016-jm-group-08/TPPOI/src/test/resources
2016-04-15 12:10:08,811 [Worker-27] WARN  o.e.m.c.i.embedder.EclipseLogger - Using platform encoding (UTF-8 actually) to copy filtered resources, i.e. build is platform dependent!
2016-04-15 12:10:08,820 [Worker-27] INFO  o.e.m.c.i.embedder.EclipseLogger - skip non existing resourceDirectory /home/danila/DDS-UTN/2016-jm-group-08/TPPOI/src/main/resources
2016-04-15 12:10:08,828 [Worker-27] WARN  o.e.m.c.i.embedder.EclipseLogger - Using platform encoding (UTF-8 actually) to copy filtered resources, i.e. build is platform dependent!
2016-04-15 12:10:08,834 [Worker-27] INFO  o.e.m.c.i.embedder.EclipseLogger - skip non existing resourceDirectory /home/danila/DDS-UTN/2016-jm-group-08/TPPOI/src/test/resources
2016-04-15 12:10:41,590 [Worker-27] WARN  o.e.m.c.i.embedder.EclipseLogger - Using platform encoding (UTF-8 actually) to copy filtered resources, i.e. build is platform dependent!
2016-04-15 12:10:41,593 [Worker-27] INFO  o.e.m.c.i.embedder.EclipseLogger - skip non existing resourceDirectory /home/danila/DDS-UTN/2016-jm-group-08/TPPOI/src/main/resources
2016-04-15 12:10:41,596 [Worker-27] WARN  o.e.m.c.i.embedder.EclipseLogger - Using platform encoding (UTF-8 actually) to copy filtered resources, i.e. build is platform dependent!
2016-04-15 12:10:41,610 [Worker-27] INFO  o.e.m.c.i.embedder.EclipseLogger - skip non existing resourceDirectory /home/danila/DDS-UTN/2016-jm-group-08/TPPOI/src/test/resources
2016-04-15 12:11:03,600 [Worker-25] WARN  o.e.m.c.i.embedder.EclipseLogger - Using platform encoding (UTF-8 actually) to copy filtered resources, i.e. build is platform dependent!
2016-04-15 12:11:03,605 [Worker-25] INFO  o.e.m.c.i.embedder.EclipseLogger - skip non existing resourceDirectory /home/danila/DDS-UTN/2016-jm-group-08/TPPOI/src/main/resources
2016-04-15 12:11:03,606 [Worker-25] WARN  o.e.m.c.i.embedder.EclipseLogger - Using platform encoding (UTF-8 actually) to copy filtered resources, i.e. build is platform dependent!
2016-04-15 12:11:03,607 [Worker-25] INFO  o.e.m.c.i.embedder.EclipseLogger - skip non existing resourceDirectory /home/danila/DDS-UTN/2016-jm-group-08/TPPOI/src/test/resources
2016-04-15 12:11:25,054 [Worker-25] WARN  o.e.m.c.i.embedder.EclipseLogger - Using platform encoding (UTF-8 actually) to copy filtered resources, i.e. build is platform dependent!
2016-04-15 12:11:25,064 [Worker-25] INFO  o.e.m.c.i.embedder.EclipseLogger - skip non existing resourceDirectory /home/danila/DDS-UTN/2016-jm-group-08/TPPOI/src/main/resources
2016-04-15 12:11:25,065 [Worker-25] WARN  o.e.m.c.i.embedder.EclipseLogger - Using platform encoding (UTF-8 actually) to copy filtered resources, i.e. build is platform dependent!
2016-04-15 12:11:25,068 [Worker-25] INFO  o.e.m.c.i.embedder.EclipseLogger - skip non existing resourceDirectory /home/danila/DDS-UTN/2016-jm-group-08/TPPOI/src/test/resources
2016-04-15 12:19:27,862 [Worker-27] INFO  o.e.m.c.i.l.LifecycleMappingFactory - Using org.eclipse.m2e.jdt.JarLifecycleMapping lifecycle mapping for MavenProject: ar.edu.TPPOI:TPPOI:1.0-SNAPSHOT @ /home/danila/DDS-UTN/2016-jm-group-08/TPPOI/pom.xml.
2016-04-15 12:19:28,727 [Worker-27] INFO  o.e.m.j.i.AbstractJavaProjectConfigurator - Adding source folder /TPPOI/src/main/java
2016-04-15 12:19:28,727 [Worker-27] INFO  o.e.m.j.i.AbstractJavaProjectConfigurator - Adding source folder /TPPOI/src/test/java
2016-04-15 12:19:29,087 [Worker-27] INFO  o.e.m.c.i.p.ProjectConfigurationManager - Imported and configured 1 project(s) in 4 sec
2016-04-15 12:19:30,400 [Worker-27] WARN  o.e.m.c.i.embedder.EclipseLogger - Using platform encoding (UTF-8 actually) to copy filtered resources, i.e. build is platform dependent!
2016-04-15 12:19:30,420 [Worker-27] INFO  o.e.m.c.i.embedder.EclipseLogger - skip non existing resourceDirectory /home/danila/DDS-UTN/2016-jm-group-08/TPPOI/src/main/resources
2016-04-15 12:19:30,423 [Worker-27] WARN  o.e.m.c.i.embedder.EclipseLogger - Using platform encoding (UTF-8 actually) to copy filtered resources, i.e. build is platform dependent!
2016-04-15 12:19:30,443 [Worker-27] INFO  o.e.m.c.i.embedder.EclipseLogger - skip non existing resourceDirectory /home/danila/DDS-UTN/2016-jm-group-08/TPPOI/src/test/resources
2016-04-15 12:20:14,585 [Worker-31] WARN  o.e.m.c.i.embedder.EclipseLogger - Using platform encoding (UTF-8 actually) to copy filtered resources, i.e. build is platform dependent!
2016-04-15 12:20:14,592 [Worker-31] INFO  o.e.m.c.i.embedder.EclipseLogger - skip non existing resourceDirectory /home/danila/DDS-UTN/2016-jm-group-08/TPPOI/src/main/resources
2016-04-15 12:20:14,593 [Worker-31] WARN  o.e.m.c.i.embedder.EclipseLogger - Using platform encoding (UTF-8 actually) to copy filtered resources, i.e. build is platform dependent!
2016-04-15 12:20:14,604 [Worker-31] INFO  o.e.m.c.i.embedder.EclipseLogger - skip non existing resourceDirectory /home/danila/DDS-UTN/2016-jm-group-08/TPPOI/src/test/resources
2016-04-15 12:25:26,018 [Worker-29] WARN  o.e.m.c.i.embedder.EclipseLogger - Using platform encoding (UTF-8 actually) to copy filtered resources, i.e. build is platform dependent!
2016-04-15 12:25:26,030 [Worker-29] INFO  o.e.m.c.i.embedder.EclipseLogger - skip non existing resourceDirectory /home/danila/DDS-UTN/2016-jm-group-08/TPPOI/src/main/resources
2016-04-15 12:25:26,032 [Worker-29] WARN  o.e.m.c.i.embedder.EclipseLogger - Using platform encoding (UTF-8 actually) to copy filtered resources, i.e. build is platform dependent!
2016-04-15 12:25:26,037 [Worker-29] INFO  o.e.m.c.i.embedder.EclipseLogger - skip non existing resourceDirectory /home/danila/DDS-UTN/2016-jm-group-08/TPPOI/src/test/resources
2016-04-15 12:26:22,202 [Worker-33] WARN  o.e.m.c.i.embedder.EclipseLogger - Using platform encoding (UTF-8 actually) to copy filtered resources, i.e. build is platform dependent!
2016-04-15 12:26:22,214 [Worker-33] INFO  o.e.m.c.i.embedder.EclipseLogger - skip non existing resourceDirectory /home/danila/DDS-UTN/2016-jm-group-08/TPPOI/src/main/resources
2016-04-15 12:26:22,215 [Worker-33] WARN  o.e.m.c.i.embedder.EclipseLogger - Using platform encoding (UTF-8 actually) to copy filtered resources, i.e. build is platform dependent!
2016-04-15 12:26:22,234 [Worker-33] INFO  o.e.m.c.i.embedder.EclipseLogger - skip non existing resourceDirectory /home/danila/DDS-UTN/2016-jm-group-08/TPPOI/src/test/resources
2016-04-15 12:26:56,402 [Worker-33] WARN  o.e.m.c.i.embedder.EclipseLogger - Using platform encoding (UTF-8 actually) to copy filtered resources, i.e. build is platform dependent!
2016-04-15 12:26:56,403 [Worker-33] INFO  o.e.m.c.i.embedder.EclipseLogger - skip non existing resourceDirectory /home/danila/DDS-UTN/2016-jm-group-08/TPPOI/src/main/resources
2016-04-15 12:26:56,408 [Worker-33] WARN  o.e.m.c.i.embedder.EclipseLogger - Using platform encoding (UTF-8 actually) to copy filtered resources, i.e. build is platform dependent!
2016-04-15 12:26:56,411 [Worker-33] INFO  o.e.m.c.i.embedder.EclipseLogger - skip non existing resourceDirectory /home/danila/DDS-UTN/2016-jm-group-08/TPPOI/src/test/resources
2016-04-15 12:32:04,175 [Worker-29] INFO  o.e.m.c.i.e.AbstractTransferListenerAdapter - Downloading https://repo.maven.apache.org/maven2/org/apache/maven/plugins/maven-compiler-plugin/3.0/maven-compiler-plugin-3.0.jar
2016-04-15 12:32:05,003 [Worker-29] INFO  o.e.m.c.i.e.AbstractTransferListenerAdapter - Downloaded https://repo.maven.apache.org/maven2/org/apache/maven/plugins/maven-compiler-plugin/3.0/maven-compiler-plugin-3.0.jar
2016-04-15 12:32:05,678 [Worker-29] INFO  o.e.m.c.i.e.AbstractTransferListenerAdapter - Downloading https://repo.maven.apache.org/maven2/org/apache/maven/plugins/maven-compiler-plugin/3.0/maven-compiler-plugin-3.0.pom
2016-04-15 12:32:06,112 [Worker-29] INFO  o.e.m.c.i.e.AbstractTransferListenerAdapter - Downloaded https://repo.maven.apache.org/maven2/org/apache/maven/plugins/maven-compiler-plugin/3.0/maven-compiler-plugin-3.0.pom
2016-04-15 12:32:07,268 [Worker-29] INFO  o.e.m.c.i.e.AbstractTransferListenerAdapter - Downloading https://repo.maven.apache.org/maven2/org/apache/maven/shared/maven-shared-incremental/1.0/maven-shared-incremental-1.0.pom
2016-04-15 12:32:07,705 [Worker-29] INFO  o.e.m.c.i.e.AbstractTransferListenerAdapter - Downloaded https://repo.maven.apache.org/maven2/org/apache/maven/shared/maven-shared-incremental/1.0/maven-shared-incremental-1.0.pom
2016-04-15 12:32:08,599 [Worker-29] INFO  o.e.m.c.i.e.AbstractTransferListenerAdapter - Downloading https://repo.maven.apache.org/maven2/org/codehaus/plexus/plexus-compiler-api/2.0/plexus-compiler-api-2.0.pom
2016-04-15 12:32:09,070 [Worker-29] INFO  o.e.m.c.i.e.AbstractTransferListenerAdapter - Downloaded https://repo.maven.apache.org/maven2/org/codehaus/plexus/plexus-compiler-api/2.0/plexus-compiler-api-2.0.pom
2016-04-15 12:32:09,556 [Worker-29] INFO  o.e.m.c.i.e.AbstractTransferListenerAdapter - Downloading https://repo.maven.apache.org/maven2/org/codehaus/plexus/plexus-compiler/2.0/plexus-compiler-2.0.pom
2016-04-15 12:32:10,050 [Worker-29] INFO  o.e.m.c.i.e.AbstractTransferListenerAdapter - Downloaded https://repo.maven.apache.org/maven2/org/codehaus/plexus/plexus-compiler/2.0/plexus-compiler-2.0.pom
2016-04-15 12:32:10,651 [Worker-29] INFO  o.e.m.c.i.e.AbstractTransferListenerAdapter - Downloading https://repo.maven.apache.org/maven2/org/codehaus/plexus/plexus-compiler-manager/2.0/plexus-compiler-manager-2.0.pom
2016-04-15 12:32:11,175 [Worker-29] INFO  o.e.m.c.i.e.AbstractTransferListenerAdapter - Downloaded https://repo.maven.apache.org/maven2/org/codehaus/plexus/plexus-compiler-manager/2.0/plexus-compiler-manager-2.0.pom
2016-04-15 12:32:11,776 [Worker-29] INFO  o.e.m.c.i.e.AbstractTransferListenerAdapter - Downloading https://repo.maven.apache.org/maven2/org/codehaus/plexus/plexus-compiler-javac/2.0/plexus-compiler-javac-2.0.pom
2016-04-15 12:32:12,358 [Worker-29] INFO  o.e.m.c.i.e.AbstractTransferListenerAdapter - Downloaded https://repo.maven.apache.org/maven2/org/codehaus/plexus/plexus-compiler-javac/2.0/plexus-compiler-javac-2.0.pom
2016-04-15 12:32:12,938 [Worker-29] INFO  o.e.m.c.i.e.AbstractTransferListenerAdapter - Downloading https://repo.maven.apache.org/maven2/org/codehaus/plexus/plexus-compilers/2.0/plexus-compilers-2.0.pom
2016-04-15 12:32:13,524 [Worker-29] INFO  o.e.m.c.i.e.AbstractTransferListenerAdapter - Downloaded https://repo.maven.apache.org/maven2/org/codehaus/plexus/plexus-compilers/2.0/plexus-compilers-2.0.pom
2016-04-15 12:32:14,226 [Worker-29] INFO  o.e.m.c.i.e.AbstractTransferListenerAdapter - Downloading https://repo.maven.apache.org/maven2/org/apache/maven/shared/maven-shared-incremental/1.0/maven-shared-incremental-1.0.jar
2016-04-15 12:32:14,861 [Worker-29] INFO  o.e.m.c.i.e.AbstractTransferListenerAdapter - Downloaded https://repo.maven.apache.org/maven2/org/apache/maven/shared/maven-shared-incremental/1.0/maven-shared-incremental-1.0.jar
2016-04-15 12:32:15,538 [Worker-29] INFO  o.e.m.c.i.e.AbstractTransferListenerAdapter - Downloading https://repo.maven.apache.org/maven2/org/codehaus/plexus/plexus-compiler-api/2.0/plexus-compiler-api-2.0.jar
2016-04-15 12:32:16,189 [Worker-29] INFO  o.e.m.c.i.e.AbstractTransferListenerAdapter - Downloaded https://repo.maven.apache.org/maven2/org/codehaus/plexus/plexus-compiler-api/2.0/plexus-compiler-api-2.0.jar
2016-04-15 12:32:16,859 [Worker-29] INFO  o.e.m.c.i.e.AbstractTransferListenerAdapter - Downloading https://repo.maven.apache.org/maven2/org/codehaus/plexus/plexus-compiler-manager/2.0/plexus-compiler-manager-2.0.jar
2016-04-15 12:32:17,541 [Worker-29] INFO  o.e.m.c.i.e.AbstractTransferListenerAdapter - Downloaded https://repo.maven.apache.org/maven2/org/codehaus/plexus/plexus-compiler-manager/2.0/plexus-compiler-manager-2.0.jar
2016-04-15 12:32:18,249 [Worker-29] INFO  o.e.m.c.i.e.AbstractTransferListenerAdapter - Downloading https://repo.maven.apache.org/maven2/org/codehaus/plexus/plexus-compiler-javac/2.0/plexus-compiler-javac-2.0.jar
2016-04-15 12:32:19,015 [Worker-29] INFO  o.e.m.c.i.e.AbstractTransferListenerAdapter - Downloaded https://repo.maven.apache.org/maven2/org/codehaus/plexus/plexus-compiler-javac/2.0/plexus-compiler-javac-2.0.jar
2016-04-15 12:32:19,455 [Worker-29] INFO  o.e.m.c.i.l.LifecycleMappingFactory - Using org.eclipse.m2e.jdt.JarLifecycleMapping lifecycle mapping for MavenProject: ar.edu.TPPOI:TPPOI:1.0-SNAPSHOT @ /home/danila/DDS-UTN/2016-jm-group-08/TPPOI/pom.xml.
2016-04-15 12:32:19,998 [Worker-29] WARN  o.e.m.c.i.embedder.EclipseLogger - Using platform encoding (UTF-8 actually) to copy filtered resources, i.e. build is platform dependent!
2016-04-15 12:32:20,009 [Worker-29] INFO  o.e.m.c.i.embedder.EclipseLogger - skip non existing resourceDirectory /home/danila/DDS-UTN/2016-jm-group-08/TPPOI/src/main/resources
2016-04-15 12:32:20,018 [Worker-29] WARN  o.e.m.c.i.embedder.EclipseLogger - Using platform encoding (UTF-8 actually) to copy filtered resources, i.e. build is platform dependent!
2016-04-15 12:32:20,020 [Worker-29] INFO  o.e.m.c.i.embedder.EclipseLogger - skip non existing resourceDirectory /home/danila/DDS-UTN/2016-jm-group-08/TPPOI/src/test/resources
2016-04-15 12:32:21,471 [Worker-36] WARN  o.e.m.c.i.embedder.EclipseLogger - Using platform encoding (UTF-8 actually) to copy filtered resources, i.e. build is platform dependent!
2016-04-15 12:32:21,481 [Worker-36] INFO  o.e.m.c.i.embedder.EclipseLogger - skip non existing resourceDirectory /home/danila/DDS-UTN/2016-jm-group-08/TPPOI/src/main/resources
2016-04-15 12:32:21,482 [Worker-36] WARN  o.e.m.c.i.embedder.EclipseLogger - Using platform encoding (UTF-8 actually) to copy filtered resources, i.e. build is platform dependent!
2016-04-15 12:32:21,483 [Worker-36] INFO  o.e.m.c.i.embedder.EclipseLogger - skip non existing resourceDirectory /home/danila/DDS-UTN/2016-jm-group-08/TPPOI/src/test/resources
2016-04-15 12:32:48,580 [Worker-38] INFO  o.e.m.c.i.p.ProjectConfigurationManager - Update started
2016-04-15 12:32:50,387 [Worker-38] INFO  o.e.m.c.i.l.LifecycleMappingFactory - Using org.eclipse.m2e.jdt.JarLifecycleMapping lifecycle mapping for MavenProject: ar.edu.TPPOI:TPPOI:1.0-SNAPSHOT @ /home/danila/DDS-UTN/2016-jm-group-08/TPPOI/pom.xml.
2016-04-15 12:32:50,827 [Worker-38] INFO  o.e.m.j.i.AbstractJavaProjectConfigurator - Adding source folder /TPPOI/src/main/java
2016-04-15 12:32:50,832 [Worker-38] INFO  o.e.m.j.i.AbstractJavaProjectConfigurator - Adding source folder /TPPOI/src/test/java
2016-04-15 12:32:51,082 [Worker-38] INFO  o.e.m.c.i.p.ProjectConfigurationManager - Update completed: 2 sec
2016-04-15 12:32:51,542 [Worker-36] WARN  o.e.m.c.i.embedder.EclipseLogger - Using platform encoding (UTF-8 actually) to copy filtered resources, i.e. build is platform dependent!
2016-04-15 12:32:51,545 [Worker-36] INFO  o.e.m.c.i.embedder.EclipseLogger - skip non existing resourceDirectory /home/danila/DDS-UTN/2016-jm-group-08/TPPOI/src/main/resources
2016-04-15 12:32:51,557 [Worker-36] WARN  o.e.m.c.i.embedder.EclipseLogger - Using platform encoding (UTF-8 actually) to copy filtered resources, i.e. build is platform dependent!
2016-04-15 12:32:51,557 [Worker-36] INFO  o.e.m.c.i.embedder.EclipseLogger - skip non existing resourceDirectory /home/danila/DDS-UTN/2016-jm-group-08/TPPOI/src/test/resources
